<?xml version="1.0" encoding="UTF-8"?>
<testng-results ignored="0" total="1" passed="1" failed="0" skipped="0">
  <reporter-output>
  </reporter-output>
  <suite started-at="2024-03-13T12:35:03 IST" name="Default suite" finished-at="2024-03-13T12:35:21 IST" duration-ms="17346">
    <groups>
    </groups>
    <test started-at="2024-03-13T12:35:03 IST" name="Default test" finished-at="2024-03-13T12:35:21 IST" duration-ms="17346">
      <class name="com.test.assessment.RegisterUserFlow">
        <test-method signature="test()[pri:0, instance:com.test.assessment.RegisterUserFlow@13e344d]" started-at="2024-03-13T12:35:04 IST" name="test" finished-at="2024-03-13T12:35:21 IST" duration-ms="17156" status="PASS">
          <reporter-output>
          </reporter-output>
        </test-method> <!-- test -->
        <test-method is-config="true" signature="closeApp()[pri:0, instance:com.test.assessment.RegisterUserFlow@13e344d]" started-at="2024-03-13T12:35:21 IST" name="closeApp" finished-at="2024-03-13T12:35:21 IST" duration-ms="7" status="PASS">
          <reporter-output>
          </reporter-output>
        </test-method> <!-- closeApp -->
      </class> <!-- com.test.assessment.RegisterUserFlow -->
    </test> <!-- Default test -->
  </suite> <!-- Default suite -->
</testng-results>
